c:\users\alex\documents\uni\2nd year\games programming\gamesprogramming-alexandermacdiarmid\coursework\coursework\debug\vc120.pdb
c:\users\alex\documents\uni\2nd year\games programming\gamesprogramming-alexandermacdiarmid\coursework\coursework\debug\vc120.idb
c:\users\alex\documents\uni\2nd year\games programming\gamesprogramming-alexandermacdiarmid\coursework\coursework\debug\cinputmgr.obj
c:\users\alex\documents\uni\2nd year\games programming\gamesprogramming-alexandermacdiarmid\coursework\coursework\debug\csprite.obj
c:\users\alex\documents\uni\2nd year\games programming\gamesprogramming-alexandermacdiarmid\coursework\coursework\debug\ctexture.obj
c:\users\alex\documents\uni\2nd year\games programming\gamesprogramming-alexandermacdiarmid\coursework\coursework\debug\cwndmanager.obj
c:\users\alex\documents\uni\2nd year\games programming\gamesprogramming-alexandermacdiarmid\coursework\coursework\debug\game.obj
c:\users\alex\documents\uni\2nd year\games programming\gamesprogramming-alexandermacdiarmid\coursework\coursework\debug\main.obj
c:\users\alex\documents\uni\2nd year\games programming\gamesprogramming-alexandermacdiarmid\coursework\coursework\debug\player.obj
c:\users\alex\documents\uni\2nd year\games programming\gamesprogramming-alexandermacdiarmid\coursework\coursework\debug\rock.obj
c:\users\alex\documents\uni\2nd year\games programming\gamesprogramming-alexandermacdiarmid\coursework\coursework\debug\windowogl.obj
c:\users\alex\documents\uni\2nd year\games programming\gamesprogramming-alexandermacdiarmid\coursework\coursework\debug\cbkground.obj
c:\users\alex\documents\uni\2nd year\games programming\gamesprogramming-alexandermacdiarmid\coursework\debug\coursework.ilk
c:\users\alex\documents\uni\2nd year\games programming\gamesprogramming-alexandermacdiarmid\coursework\debug\coursework.exe
c:\users\alex\documents\uni\2nd year\games programming\gamesprogramming-alexandermacdiarmid\coursework\debug\coursework.pdb
c:\users\alex\documents\uni\2nd year\games programming\gamesprogramming-alexandermacdiarmid\coursework\coursework\debug\coursework.tlog\cl.command.1.tlog
c:\users\alex\documents\uni\2nd year\games programming\gamesprogramming-alexandermacdiarmid\coursework\coursework\debug\coursework.tlog\cl.read.1.tlog
c:\users\alex\documents\uni\2nd year\games programming\gamesprogramming-alexandermacdiarmid\coursework\coursework\debug\coursework.tlog\cl.write.1.tlog
c:\users\alex\documents\uni\2nd year\games programming\gamesprogramming-alexandermacdiarmid\coursework\coursework\debug\coursework.tlog\link.command.1.tlog
c:\users\alex\documents\uni\2nd year\games programming\gamesprogramming-alexandermacdiarmid\coursework\coursework\debug\coursework.tlog\link.read.1.tlog
c:\users\alex\documents\uni\2nd year\games programming\gamesprogramming-alexandermacdiarmid\coursework\coursework\debug\coursework.tlog\link.write.1.tlog
